<?xml version="1.0" encoding="UTF-8"?>
<testng-results skipped="0" failed="0" ignored="0" total="1" passed="1">
  <reporter-output>
  </reporter-output>
  <suite name="Default suite" duration-ms="78" started-at="2022-03-14T04:32:45Z" finished-at="2022-03-14T04:32:45Z">
    <groups>
    </groups>
    <test name="Default test" duration-ms="78" started-at="2022-03-14T04:32:45Z" finished-at="2022-03-14T04:32:45Z">
      <class name="org.sample.SampleClass">
        <test-method status="PASS" signature="test1()[pri:0, instance:org.sample.SampleClass@754ba872]" name="test1" duration-ms="16" started-at="2022-03-14T04:32:45Z" finished-at="2022-03-14T04:32:45Z">
          <reporter-output>
          </reporter-output>
        </test-method> <!-- test1 -->
      </class> <!-- org.sample.SampleClass -->
    </test> <!-- Default test -->
  </suite> <!-- Default suite -->
</testng-results>
